2007.08.03 23:47 B G:\Documents and Settings\lasainc\Desktop\web\images\backg.gif --> ftp.quantomleap.net /images backg.gif
2007.08.03 23:47 B G:\Documents and Settings\lasainc\Desktop\web\images\front.gif --> ftp.quantomleap.net /images front.gif
2007.08.03 23:47 B G:\Documents and Settings\lasainc\Desktop\web\images\IMAGE2.gif --> ftp.quantomleap.net /images IMAGE2.gif
2007.08.03 23:47 B G:\Documents and Settings\lasainc\Desktop\web\images\IMAGE3.gif --> ftp.quantomleap.net /images IMAGE3.gif
2007.08.03 23:47 B G:\Documents and Settings\lasainc\Desktop\web\images\IMAGE4.gif --> ftp.quantomleap.net /images IMAGE4.gif
2007.08.03 23:47 B G:\Documents and Settings\lasainc\Desktop\web\images\IMAGE5.gif --> ftp.quantomleap.net /images IMAGE5.gif
2007.08.03 23:48 B G:\Documents and Settings\lasainc\Desktop\web\images\IMAGE5.psd --> ftp.quantomleap.net /images IMAGE5.psd
2007.08.03 23:48 B G:\Documents and Settings\lasainc\Desktop\web\images\IMAGE6.gif --> ftp.quantomleap.net /images IMAGE6.gif
2007.08.03 23:48 B G:\Documents and Settings\lasainc\Desktop\web\images\IMAGE7.gif --> ftp.quantomleap.net /images IMAGE7.gif
2007.08.03 23:48 B G:\Documents and Settings\lasainc\Desktop\web\images\IMAGE8.gif --> ftp.quantomleap.net /images IMAGE8.gif
2007.08.03 23:48 B G:\Documents and Settings\lasainc\Desktop\web\images\index_01.gif --> ftp.quantomleap.net /images index_01.gif
2007.08.03 23:48 B G:\Documents and Settings\lasainc\Desktop\web\images\index_01.jpg --> ftp.quantomleap.net /images index_01.jpg
2007.08.03 23:48 B G:\Documents and Settings\lasainc\Desktop\web\images\index_01A.jpg --> ftp.quantomleap.net /images index_01A.jpg
2007.08.03 23:48 B G:\Documents and Settings\lasainc\Desktop\web\images\index_01c.jpg --> ftp.quantomleap.net /images index_01c.jpg
2007.08.03 23:48 B G:\Documents and Settings\lasainc\Desktop\web\images\index_02.jpg --> ftp.quantomleap.net /images index_02.jpg
2007.08.03 23:48 B G:\Documents and Settings\lasainc\Desktop\web\images\index_04.jpg --> ftp.quantomleap.net /images index_04.jpg
2007.08.03 23:48 B G:\Documents and Settings\lasainc\Desktop\web\images\index_05.gif --> ftp.quantomleap.net /images index_05.gif
2007.08.03 23:48 B G:\Documents and Settings\lasainc\Desktop\web\images\index_05.jpg --> ftp.quantomleap.net /images index_05.jpg
2007.08.03 23:48 B G:\Documents and Settings\lasainc\Desktop\web\images\index_06.gif --> ftp.quantomleap.net /images index_06.gif
2007.08.03 23:48 B G:\Documents and Settings\lasainc\Desktop\web\images\layout.css --> ftp.quantomleap.net /images layout.css
2007.08.03 23:48 B G:\Documents and Settings\lasainc\Desktop\web\images\logo .gif --> ftp.quantomleap.net /images logo .gif
2007.08.03 23:48 B G:\Documents and Settings\lasainc\Desktop\web\images\logo copy.gif --> ftp.quantomleap.net /images logo copy.gif
2007.08.03 23:48 B G:\Documents and Settings\lasainc\Desktop\web\images\logo.gif --> ftp.quantomleap.net /images logo.gif
2007.08.03 23:48 B G:\Documents and Settings\lasainc\Desktop\web\images\logo.psd --> ftp.quantomleap.net /images logo.psd
2007.08.03 23:48 B G:\Documents and Settings\lasainc\Desktop\web\images\logo1.gif --> ftp.quantomleap.net /images logo1.gif
2007.08.03 23:48 B G:\Documents and Settings\lasainc\Desktop\web\images\logo1.jpg --> ftp.quantomleap.net /images logo1.jpg
2007.08.03 23:48 B G:\Documents and Settings\lasainc\Desktop\web\images\logo1.psd.gif --> ftp.quantomleap.net /images logo1.psd.gif
2007.08.03 23:48 B G:\Documents and Settings\lasainc\Desktop\web\images\MAIN_02.gif --> ftp.quantomleap.net /images MAIN_02.gif
2007.08.03 23:48 B G:\Documents and Settings\lasainc\Desktop\web\images\MAIN_02.jpg --> ftp.quantomleap.net /images MAIN_02.jpg
2007.08.03 23:48 B G:\Documents and Settings\lasainc\Desktop\web\images\menu.gif --> ftp.quantomleap.net /images menu.gif
2007.08.03 23:49 B G:\Documents and Settings\lasainc\Desktop\web\images\menu10.gif --> ftp.quantomleap.net /images menu10.gif
2007.08.03 23:49 B G:\Documents and Settings\lasainc\Desktop\web\images\menu11.gif --> ftp.quantomleap.net /images menu11.gif
2007.08.03 23:49 B G:\Documents and Settings\lasainc\Desktop\web\images\menu11b.gif --> ftp.quantomleap.net /images menu11b.gif
2007.08.03 23:49 B G:\Documents and Settings\lasainc\Desktop\web\images\menu12.gif --> ftp.quantomleap.net /images menu12.gif
2007.08.03 23:49 B G:\Documents and Settings\lasainc\Desktop\web\images\menu13.gif --> ftp.quantomleap.net /images menu13.gif
2007.08.03 23:49 B G:\Documents and Settings\lasainc\Desktop\web\images\menu14.gif --> ftp.quantomleap.net /images menu14.gif
2007.08.03 23:49 B G:\Documents and Settings\lasainc\Desktop\web\images\menu15.gif --> ftp.quantomleap.net /images menu15.gif
2007.08.03 23:49 B G:\Documents and Settings\lasainc\Desktop\web\images\menu16.gif --> ftp.quantomleap.net /images menu16.gif
2007.08.03 23:49 B G:\Documents and Settings\lasainc\Desktop\web\images\menu17.gif --> ftp.quantomleap.net /images menu17.gif
2007.08.03 23:49 B G:\Documents and Settings\lasainc\Desktop\web\images\menu2.gif --> ftp.quantomleap.net /images menu2.gif
2007.08.03 23:49 B G:\Documents and Settings\lasainc\Desktop\web\images\menu20.gif --> ftp.quantomleap.net /images menu20.gif
2007.08.03 23:49 B G:\Documents and Settings\lasainc\Desktop\web\images\menu25.gif --> ftp.quantomleap.net /images menu25.gif
2007.08.03 23:49 B G:\Documents and Settings\lasainc\Desktop\web\images\menu26.gif --> ftp.quantomleap.net /images menu26.gif
2007.08.03 23:49 B G:\Documents and Settings\lasainc\Desktop\web\images\menu3.gif --> ftp.quantomleap.net /images menu3.gif
2007.08.03 23:49 B G:\Documents and Settings\lasainc\Desktop\web\images\menu4.gif --> ftp.quantomleap.net /images menu4.gif
2007.08.03 23:49 B G:\Documents and Settings\lasainc\Desktop\web\images\menu4_04.jpg --> ftp.quantomleap.net /images menu4_04.jpg
2007.08.03 23:49 B G:\Documents and Settings\lasainc\Desktop\web\images\menu4_blue.jpg --> ftp.quantomleap.net /images menu4_blue.jpg
2007.08.03 23:49 B G:\Documents and Settings\lasainc\Desktop\web\images\menu4_dblue.jpg --> ftp.quantomleap.net /images menu4_dblue.jpg
2007.08.03 23:49 B G:\Documents and Settings\lasainc\Desktop\web\images\menu4_green.gif --> ftp.quantomleap.net /images menu4_green.gif
2007.08.03 23:49 B G:\Documents and Settings\lasainc\Desktop\web\images\menu4_green.jpg --> ftp.quantomleap.net /images menu4_green.jpg
2007.08.03 23:49 B G:\Documents and Settings\lasainc\Desktop\web\images\menu4_lblue.jpg --> ftp.quantomleap.net /images menu4_lblue.jpg
2007.08.03 23:49 B G:\Documents and Settings\lasainc\Desktop\web\images\menu4_red.jpg --> ftp.quantomleap.net /images menu4_red.jpg
2007.08.03 23:49 B G:\Documents and Settings\lasainc\Desktop\web\images\menu5.gif --> ftp.quantomleap.net /images menu5.gif
2007.08.03 23:49 B G:\Documents and Settings\lasainc\Desktop\web\images\menu7.gif --> ftp.quantomleap.net /images menu7.gif
2007.08.03 23:49 B G:\Documents and Settings\lasainc\Desktop\web\images\menu9.gif --> ftp.quantomleap.net /images menu9.gif
2007.08.03 23:49 B G:\Documents and Settings\lasainc\Desktop\web\images\side.gif --> ftp.quantomleap.net /images side.gif
2007.08.03 23:49 B G:\Documents and Settings\lasainc\Desktop\web\images\style.css --> ftp.quantomleap.net /images style.css
2007.08.03 23:49 B G:\Documents and Settings\lasainc\Desktop\web\images\Thumbs.db --> ftp.quantomleap.net /images Thumbs.db
2007.08.03 23:50 B G:\Documents and Settings\lasainc\Desktop\web\images\top picture.jpg --> ftp.quantomleap.net /images top picture.jpg
